# JRE version: Java(TM) SE Runtime Environment (8.0_191-b12) (build 1.8.0_191-b12)
# Java VM: Java HotSpot(TM) Client VM (25.191-b12 mixed mode windows-x86 )
Heap:
 def new generation   total 69184K, used 21909K [0x05000000, 0x09b10000, 0x0faa0000)
  eden space 61504K,  31% used [0x05000000, 0x062abb58, 0x08c10000)
  from space 7680K,  36% used [0x08c10000, 0x08ec9aa0, 0x09390000)
  to   space 7680K,   0% used [0x09390000, 0x09390000, 0x09b10000)
 tenured generation   total 153576K, used 140295K [0x0faa0000, 0x1909a000, 0x25000000)
   the space 153576K,  91% used [0x0faa0000, 0x183a1cd0, 0x183a1e00, 0x1909a000)
 Metaspace       used 24945K, capacity 25517K, committed 25600K, reserved 25984K
GC Heap History (10 events):
Event: 19360.507 GC heap before
{Heap before GC invocations=59 (full 3):
 def new generation   total 69184K, used 64098K [0x05000000, 0x09b10000, 0x0faa0000)
  eden space 61504K, 100% used [0x05000000, 0x08c10000, 0x08c10000)
  from space 7680K,  33% used [0x09390000, 0x09618be8, 0x09b10000)
  to   space 7680K,   0% used [0x08c10000, 0x08c10000, 0x09390000)
 tenured generation   total 153576K, used 140237K [0x0faa0000, 0x1909a000, 0x25000000)
   the space 153576K,  91% used [0x0faa0000, 0x183936d0, 0x18393800, 0x1909a000)
 Metaspace       used 24905K, capacity 25450K, committed 25472K, reserved 25984K
Event: 19360.512 GC heap after
Heap after GC invocations=60 (full 3):
 def new generation   total 69184K, used 2651K [0x05000000, 0x09b10000, 0x0faa0000)
  eden space 61504K,   0% used [0x05000000, 0x05000000, 0x08c10000)
  from space 7680K,  34% used [0x08c10000, 0x08ea6f38, 0x09390000)
  to   space 7680K,   0% used [0x09390000, 0x09390000, 0x09b10000)
 tenured generation   total 153576K, used 140237K [0x0faa0000, 0x1909a000, 0x25000000)
   the space 153576K,  91% used [0x0faa0000, 0x183936d0, 0x18393800, 0x1909a000)
 Metaspace       used 24905K, capacity 25450K, committed 25472K, reserved 25984K
}
Event: 19558.320 GC heap before
{Heap before GC invocations=60 (full 3):
 def new generation   total 69184K, used 64155K [0x05000000, 0x09b10000, 0x0faa0000)
  eden space 61504K, 100% used [0x05000000, 0x08c10000, 0x08c10000)
  from space 7680K,  34% used [0x08c10000, 0x08ea6f38, 0x09390000)
  to   space 7680K,   0% used [0x09390000, 0x09390000, 0x09b10000)
 tenured generation   total 153576K, used 140237K [0x0faa0000, 0x1909a000, 0x25000000)
   the space 153576K,  91% used [0x0faa0000, 0x183936d0, 0x18393800, 0x1909a000)
 Metaspace       used 24905K, capacity 25450K, committed 25472K, reserved 25984K
Event: 19558.323 GC heap after
Heap after GC invocations=61 (full 3):
 def new generation   total 69184K, used 2712K [0x05000000, 0x09b10000, 0x0faa0000)
  eden space 61504K,   0% used [0x05000000, 0x05000000, 0x08c10000)
  from space 7680K,  35% used [0x09390000, 0x09636100, 0x09b10000)
  to   space 7680K,   0% used [0x08c10000, 0x08c10000, 0x09390000)
 tenured generation   total 153576K, used 140237K [0x0faa0000, 0x1909a000, 0x25000000)
   the space 153576K,  91% used [0x0faa0000, 0x183936d0, 0x18393800, 0x1909a000)
 Metaspace       used 24905K, capacity 25450K, committed 25472K, reserved 25984K
}
Event: 19773.914 GC heap before
{Heap before GC invocations=61 (full 3):
 def new generation   total 69184K, used 64216K [0x05000000, 0x09b10000, 0x0faa0000)
  eden space 61504K, 100% used [0x05000000, 0x08c10000, 0x08c10000)
  from space 7680K,  35% used [0x09390000, 0x09636100, 0x09b10000)
  to   space 7680K,   0% used [0x08c10000, 0x08c10000, 0x09390000)
 tenured generation   total 153576K, used 140237K [0x0faa0000, 0x1909a000, 0x25000000)
   the space 153576K,  91% used [0x0faa0000, 0x183936d0, 0x18393800, 0x1909a000)
 Metaspace       used 24905K, capacity 25450K, committed 25472K, reserved 25984K
Event: 19773.918 GC heap after
Heap after GC invocations=62 (full 3):
 def new generation   total 69184K, used 2740K [0x05000000, 0x09b10000, 0x0faa0000)
  eden space 61504K,   0% used [0x05000000, 0x05000000, 0x08c10000)
  from space 7680K,  35% used [0x08c10000, 0x08ebd278, 0x09390000)
  to   space 7680K,   0% used [0x09390000, 0x09390000, 0x09b10000)
 tenured generation   total 153576K, used 140237K [0x0faa0000, 0x1909a000, 0x25000000)
   the space 153576K,  91% used [0x0faa0000, 0x183936d0, 0x18393800, 0x1909a000)
 Metaspace       used 24905K, capacity 25450K, committed 25472K, reserved 25984K
}
Event: 20154.137 GC heap before
{Heap before GC invocations=62 (full 3):
 def new generation   total 69184K, used 64244K [0x05000000, 0x09b10000, 0x0faa0000)
  eden space 61504K, 100% used [0x05000000, 0x08c10000, 0x08c10000)
  from space 7680K,  35% used [0x08c10000, 0x08ebd278, 0x09390000)
  to   space 7680K,   0% used [0x09390000, 0x09390000, 0x09b10000)
 tenured generation   total 153576K, used 140237K [0x0faa0000, 0x1909a000, 0x25000000)
   the space 153576K,  91% used [0x0faa0000, 0x183936d0, 0x18393800, 0x1909a000)
 Metaspace       used 24905K, capacity 25450K, committed 25472K, reserved 25984K
Event: 20154.141 GC heap after
Heap after GC invocations=63 (full 3):
 def new generation   total 69184K, used 2781K [0x05000000, 0x09b10000, 0x0faa0000)
  eden space 61504K,   0% used [0x05000000, 0x05000000, 0x08c10000)
  from space 7680K,  36% used [0x09390000, 0x09647608, 0x09b10000)
  to   space 7680K,   0% used [0x08c10000, 0x08c10000, 0x09390000)
 tenured generation   total 153576K, used 140237K [0x0faa0000, 0x1909a000, 0x25000000)
   the space 153576K,  91% used [0x0faa0000, 0x183936d0, 0x18393800, 0x1909a000)
 Metaspace       used 24905K, capacity 25450K, committed 25472K, reserved 25984K
}
Event: 20526.915 GC heap before
{Heap before GC invocations=63 (full 3):
 def new generation   total 69184K, used 64285K [0x05000000, 0x09b10000, 0x0faa0000)
  eden space 61504K, 100% used [0x05000000, 0x08c10000, 0x08c10000)
  from space 7680K,  36% used [0x09390000, 0x09647608, 0x09b10000)
  to   space 7680K,   0% used [0x08c10000, 0x08c10000, 0x09390000)
 tenured generation   total 153576K, used 140237K [0x0faa0000, 0x1909a000, 0x25000000)
   the space 153576K,  91% used [0x0faa0000, 0x183936d0, 0x18393800, 0x1909a000)
 Metaspace       used 24905K, capacity 25450K, committed 25472K, reserved 25984K
Event: 20526.917 GC heap after
Heap after GC invocations=64 (full 3):
 def new generation   total 69184K, used 2790K [0x05000000, 0x09b10000, 0x0faa0000)
  eden space 61504K,   0% used [0x05000000, 0x05000000, 0x08c10000)
  from space 7680K,  36% used [0x08c10000, 0x08ec9aa0, 0x09390000)
  to   space 7680K,   0% used [0x09390000, 0x09390000, 0x09b10000)
 tenured generation   total 153576K, used 140295K [0x0faa0000, 0x1909a000, 0x25000000)
   the space 153576K,  91% used [0x0faa0000, 0x183a1cd0, 0x183a1e00, 0x1909a000)
 Metaspace       used 24905K, capacity 25450K, committed 25472K, reserved 25984K
}

